1
2
3
4
7
9
10
11
13
14
15
16
17
18
19
20
21
22
23
25
26
29
30
31
32
33
34
36
37
44
47
49
50
51
56
58
59
67
68
69
74
76
80
81
83
84
85
86
89
90
96
97
99
100
101
102
103
107
109
110
111
117
118
121
123
124
139
148
150
152
154
155
157
159
160
161
164
165
166
167
168
170
172
173
174
176
177
179
180
196
198
199
200
202
203
207
209
210
211
212
213
214
215
216
217
221
222
225
226
227
228
229
230
231
234
235
236
237
238
239
240
243
245
246
247
248
250
251
252
256
257
258
259
260
261
262
263
264
265
266
267
268
269
270
271
272
273
274
275
276
277
278
279
283
284
288
289
290
291
292
294
295
296
297
307
311
312
313
314
315
316
317
323
326
328
329
334
335
336
341
342
343
345
346
348
349
350
352
353
354
355
357
358
359
360
362
370
371
373
374
376
377
378
379
381
383
384
385
387
389
394
400
401
402
404
409
410
412
413
414
415
416
417
429
430
434
436
437
440
448
449
450
453
455
456
459
461
462
464
467
468
469
473
474
476
478
479
481
484
499
500
501
502
503
506
507
513
523
530
531
532
535
542
543
544
546
550
551
552
557
558
572
580
581
582
583
584
585
586
589
590
597
598
605
606
609
614
617
618
620
624
657
658
659
665
676
682
683
690
691
692
693
694
695
696
699
700
703
704
708
709
710
711
713
715
716
718
719
720
725
726
727
728
729
730
731
732
733
734
735
736
740
741
742
745
746
747
748
752
753
754
755
756
757
758
759
760
761
762
763
764
765
766
767
768
770
774
775
776
783
786
787
788
789
790
792
793
794
795
796
798
799
800
806
807
808
809
811
812
814
824
825
826
827
828
829
831
836
839
840
841
843
844
846
847
848
849
876
881
884
885
890
893
896
911
914
916
917
918
919
956
964
965
966
970
971
972
976
977
978
979
981
987
988
989
990
991
992
993
994
995
996
997
998
999
1000
1001
1002
1003
1004
1005
1006
1007
1008
1009
1010
1011
1012
1013
1014
1016
1017
1018
1020
1021
1022
1023
1024
1025
1026
1028
1030
1037
1039
1041
1044
1046
1047
1048
1049
1053
1054
1056
1058
1059
1070
1073
1077
1080
1084
1096
1102
1103
1104
1105
1106
1107
1109
1110
1111
1112
1113
1114
1115
1116
1117
1118
1119
1120
1121
1125
1130
1132
1136
1138
1139
1141
1145
1146
1148
1149
1150
1151
1152
1154
1158
1159
1163
1164
1165
1166
1171
1172
1173
1176
1178
1180
1186
1190
1193
1194
1201
1208
1213
1215
1220
1222
1226
1228
1230
1237
1239
1240
1244
1245
1246
1247
1250
1252
1259
1260
1262
1266
1267
1269
1271
1272
1273
1276
1279
1280
1281
1285
1286
1287
1291
1292
1293
1300
1301
1303
1307
1309
1311
1315
1317
1318
1322
1323
1328
1329
1331
1336
1361
1362
1364
1366
1367
1368
1369
1370
1371
1372
1373
1374
1375
1376
1377
1378
1379
1382
1389
1396
1403
1407
1408
1409
1410
1411
1412
1413
1414
1415
1416
1417
1418
1419
1420
1421
1422
1423
1424
1425
1431
1432
1433
1435
1436
1438
1440
1441
1442
1443
1452
1460
1464
1470
1474
1475
1476
1477
1478
1480
1481
1482
1483
1484
1487
1488
1489
1490
1491
1492
1493
1494
1495
1496
1497
1498
1501
1502
1504
1518
1523
1526
1531
1533
1541
1546
1547
1548
1551
1552
1572
1573
1574
1575
1576
1577
1578
1614
1615
1617
1618
1621
1622
1623
1624
1625
1626
1629
1630
1631
1632
1633
1634
1636
1637
1638
1639
1640
1641
1643
1645
1646
1651
1652
1655
1659
1660
1661
1662
1664
1665
1666
1667
1668
1669
1670
1671
1672
1673
1674
1675
1685
1686
1699
1700
1706
1707
1709
1710
1714
1716
1722
1723
1727
1731
1732
1733
1734
1735
1736
1737
1738
1739
1740
1741
1742
1743
1744
1745
1746
1747
1748
1749
1750
1751
1752
1753
1754
1755
1756
1757
1758
1759
1760
1761
1762
1763
1764
1765
1766
1767
1768
1769
1770
1772
1773
1774
1775
1776
1777
1779
1781
1782
1783
1785
1788
1789
1790
1791
1792
1793
1794
1795
1803
1804
1805
1806
1807
1808
1811
1813
1819
1821
1822
1825
1826
1827
