25
28
29
30
31
42
44
56
78
80
85
88
99
106
108
109
124
131
141
158
159
161
190
204
217
218
222
226
239
240
246
247
248
250
252
253
256
266
275
284
285
292
304
312
313
323
330
331
337
341
345
364
366
367
372
373
379
380
383
393
394
414
435
442
449
450
453
458
463
464
466
473
474
477
479
481
486
487
492
501
502
516
521
522
523
528
529
537
542
544
546
547
548
549
550
558
563
564
565
577
579
581
585
589
590
591
592
598
605
607
619
639
640
641
644
645
652
653
654
659
660
661
666
668
669
672
676
687
690
705
719
723
726
733
740
745
758
759
763
764
767
771
773
774
792
793
808
813
817
820
822
823
834
836
837
845
856
865
869
870
871
872
879
885
907
911
939
944
945
947
948
949
953
954
958
959
961
962
963
968
969
972
973
975
981
982
983
985
990
997
1001
1002
1004
1005
1009
1010
1011
1013
1016
1019
1025
1028
1033
1043
1051
1055
1057
1059
1060
1070
1071
1073
1074
1075
1085
1087
1088
1089
1107
1114
1126
1127
1131
1135
1140
1141
1143
1144
1145
1149
1150
1151
1155
1157
1159
1183
1206
1207
1209
1210
1211
1212
1213
1214
1215
1285
1299
1331
1339
1340
1341
