4
15
19
39
43
45
51
52
53
56
57
59
60
61
63
64
65
66
67
68
69
71
73
77
79
81
85
86
89
91
92
93
94
95
96
105
107
109
115
117
119
121
123
137
143
149
151
155
157
161
162
163
164
165
169
171
175
177
178
183
187
189
193
207
211
213
215
216
217
220
221
225
227
229
231
233
234
235
239
241
247
249
259
261
263
267
273
275
283
289
291
303
305
309
311
317
319
333
351
353
355
361
385
387
389
395
399
403
409
415
427
435
437
441
445
450
452
455
457
459
463
465
467
475
482
483
485
487
491
493
495
497
499
500
501
503
505
507
508
509
511
512
513
515
523
525
527
528
529
533
534
535
536
537
538
539
540
541
542
543
553
555
557
563
565
567
569
571
585
595
597
599
603
607
609
610
611
612
613
617
621
623
625
627
633
637
639
641
653
655
659
661
663
665
667
668
669
671
673
675
677
681
683
687
691
693
695
697
705
707
709
710
711
719
721
723
725
735
737
739
751
753
757
759
761
763
765
767
769
777
779
781
795
799
801
803
807
811
835
837
847
849
851
859
863
875
885
887
889
891
893
900
901
903
905
911
913
915
919
923
930
931
933
941
942
943
945
947
949
955
956
957
959
961
962
963
969
972
973
975
977
981
983
985
986
987
988
989
990
991
993
997
1003
1005
1013
1014
1015
1017
1018
1019
1029
1031
1033
1043
1045
1047
1051
1053
1055
1056
1057
1059
1060
1061
1067
1068
1069
1070
1071
1073
1075
1081
1083
1085
1087
1089
1098
1099
1100
1101
1103
1109
1110
1111
1112
1113
1115
1116
1117
1123
1125
1127
1129
1131
1139
1140
1141
1143
1145
1151
1153
1155
1157
1159
1169
1171
1183
1187
1197
1198
1199
1201
1205
1207
1211
1213
1215
1225
1227
1229
1237
1239
1243
1247
1249
1251
1255
1259
1277
1279
1280
1281
1283
1285
1293
1295
1297
1299
1307
1309
1311
1313
1333
1335
1337
1339
1341
1346
1347
1349
1351
1352
1353
1355
1359
1361
1363
1365
1367
1369
1371
1375
1377
1382
1392
1393
1394
1395
1397
1403
1409
1411
1415
1417
1421
1425
1431
1437
1438
1439
1445
1446
1451
1452
1453
1463
1465
1467
1479
1481
1493
1502
1505
1507
1509
1517
1518
1519
1520
1521
1523
1529
1532
1533
1534
1535
1537
1545
1546
1551
1559
1563
1565
1572
1574
1575
1577
1579
1585
1586
1587
1590
1591
1593
1602
1605
1607
1613
1615
1621
1631
1633
1635
1643
1653
1655
1656
1658
1659
1661
1663
1671
1675
1677
1681
1683
1685
1687
1689
1693
1695
1697
1699
1701
1703
1705
1707
1713
1719
1727
1729
1731
1733
1739
1742
1747
1755
1759
1769
1773
1775
1777
1778
1780
1782
1784
1785
1786
1787
1789
1795
1799
1801
1803
1807
1823
1827
1839
1840
1841
1843
1845
1851
1855
1857
1859
1865
1869
1871
1873
1879
1882
1883
1885
1886
1887
1897
1907
1910
1911
1913
1915
1925
1935
1949
1953
1955
1956
1957
1963
1966
1967
1969
1970
1971
1977
1981
1983
1985
1995
1999
2003
2008
2009
2011
2012
2013
2023
2025
2027
2033
2035
2037
2039
2041
2047
2049
2051
2053
2055
2065
2079
2081
2097
2103
2106
2107
2109
2111
2112
2121
2125
2135
2139
2143
2145
2147
2177
2195
2205
2209
2229
2231
2233
2235
2237
2241
2243
2245
2247
2249
2251
2257
2265
2273
2277
2279
2283
2285
2287
2289
2290
2291
2292
2293
2297
2298
2299
2301
2302
2303
2305
2306
2307
2308
2313
2315
2318
2319
2320
2321
2325
2326
2327
2329
2330
2331
2332
2333
2334
2335
2336
2339
2341
2345
2347
2348
2349
2353
2355
2357
2359
2360
2361
2362
2363
2369
2375
2376
2377
2381
2387
2389
2391
2395
2397
2399
2401
2403
2404
2405
2411
2413
2415
2416
2417
2418
2419
2425
2429
2431
2432
2433
2447
2451
2453
2455
2456
2457
2458
2459
2460
2461
2465
2467
2471
2473
2474
2475
2479
2481
2483
2485
2487
2488
2489
2493
2495
2499
2501
2502
2503
2513
2515
2517
2523
2527
2529
2531
2543
2545
2549
2551
2553
2555
2557
2558
2559
2560
2565
2571
2573
2579
2585
2587
2591
2593
2595
2600
2611
2613
2615
2629
2633
2635
2639
2641
2642
2643
2647
2649
2653
2657
2671
2675
2677
2681
2683
2684
2685
