28
31
33
34
35
36
37
38
39
40
41
44
45
46
47
48
49
50
51
59
60
81
82
83
84
85
86
97
133
135
137
139
153
155
191
192
193
217
233
234
235
236
237
238
239
240
241
242
245
246
247
248
249
250
251
252
258
259
260
261
268
269
273
274
275
276
277
278
279
280
319
321
323
325
326
327
381
390
391
392
393
400
401
417
429
445
446
447
448
449
450
464
465
466
481
485
486
488
490
491
492
493
494
495
496
497
498
499
500
502
503
504
505
506
507
508
512
513
515
516
517
518
519
520
521
523
532
533
541
542
543
550
551
553
554
555
560
567
568
569
579
583
584
585
586
587
588
589
593
594
599
600
601
617
618
619
627
628
629
635
637
639
641
651
652
653
658
666
668
669
672
673
674
679
680
681
682
683
684
685
686
687
688
689
690
691
700
701
702
719
720
721
727
728
729
730
731
732
737
738
739
748
749
753
754
755
757
760
761
762
763
764
765
766
767
774
775
776
777
778
779
780
784
785
792
793
794
795
800
801
802
803
804
805
812
813
814
824
828
829
840
841
842
853
854
855
861
862
863
864
865
866
867
871
872
873
874
875
876
877
878
879
883
884
885
886
887
888
889
890
891
895
896
897
898
899
900
901
902
903
907
908
909
910
911
912
913
914
915
919
920
923
934
941
950
951
952
970
971
977
978
979
989
990
991
1000
1001
1002
1003
1004
1005
1006
1010
1011
1015
1016
1020
1022
1024
1034
1038
1039
1040
1044
1045
1047
1048
1053
1054
1055
1063
1065
1068
1069
1070
1075
1076
1077
1078
1079
1080
1081
1082
1083
1084
1085
1086
1087
1088
1089
1090
1091
1109
1110
1111
1112
1113
1114
1115
1116
1117
1118
1119
1183
1184
1185
1186
1187
1188
1189
1227
1228
1229
1230
1231
1263
1266
1270
1271
1272
1273
1274
1282
1283
1284
1285
1286
1287
1289
1300
1301
1310
1324
1326
1327
1334
1335
1336
1337
1338
1339
1344
1345
1346
1349
1354
1356
1357
1358
1359
1360
1373
1374
1377
1378
1379
1380
1382
1383
1393
1394
1395
1396
1397
1398
1424
1425
1426
1427
1428
1429
1430
1431
1436
1437
1438
1439
1440
1441
1442
1443
1444
1449
1450
1451
1452
1465
1469
1470
1472
1474
1476
1481
1482
1483
1494
1495
1496
1497
1501
1503
1504
1505
1506
1507
1508
1509
1510
1517
1524
1525
1526
1527
1528
1529
1542
1543
1544
1545
1562
1563
1564
1565
1578
1579
1580
1581
1590
1591
1592
1593
1594
1595
1596
1597
1598
1599
1600
1601
1602
1603
1604
1605
1606
1607
1608
1609
1610
1611
1612
1613
1618
1619
1620
1621
1626
1627
1628
1629
1658
1659
1661
1666
1667
1668
1669
1670
1671
1684
1685
1686
1687
1692
1693
1694
1695
1696
1697
1698
1699
1700
1701
1702
1703
1704
1705
1706
1707
1708
1709
1710
1711
1712
1713
1714
1715
1716
1717
1718
1719
1720
1721
1722
1723
1753
1754
1755
1760
1761
1762
1763
1786
1787
1788
1789
1790
1791
1792
1793
1794
1795
1817
1818
1819
1820
1821
1822
1827
1828
1829
1830
1879
1880
1881
1882
1891
1892
1919
1920
1921
1922
1923
1924
1925
1926
1931
1932
1933
1934
1943
1944
1945
1946
1965
1966
1967
1968
1969
1970
1983
1984
1985
1986
1987
1988
1989
1990
1995
1996
1997
1998
1999
2000
2001
2002
2003
2004
2005
2006
2015
2016
2017
2018
2023
2024
2025
2026
2027
2028
2029
2030
2031
2032
2033
2034
2035
2036
2037
2038
2043
2044
2045
2046
2047
2048
2049
2050
2073
2074
2075
2076
2077
2078
2087
2088
2089
2090
2097
2098
2099
2101
2102
2111
2112
2113
2114
2115
2116
2117
2118
2119
2120
2121
2122
2123
2124
2125
2126
2131
2132
2133
2134
2147
2148
2149
2150
2155
2156
2157
2158
2159
2160
2161
2162
2171
2172
2173
2174
2179
2180
2181
2182
2183
2184
2185
2186
2196
2197
2198
2208
2209
2212
2213
2216
2217
2220
2221
2223
2224
2225
2226
2231
2232
2233
2234
2239
2240
2241
2242
2245
2246
2247
2248
2249
2250
2257
2258
2259
2260
2264
2267
2268
2269
2270
2271
2272
2273
2274
2275
2276
2277
2278
2283
2284
2285
2286
2305
2306
2307
2308
2309
2310
2311
2312
2313
2314
2327
2328
2329
2330
2331
2332
2333
2334
2335
2336
2337
2339
2340
2341
2342
2343
2344
2345
2346
2347
2348
2349
2350
2351
2352
2353
2354
2355
2356
2357
2358
2359
2360
2361
2362
2375
2376
2377
2378
2387
2388
2389
2390
2399
2400
2407
2408
2409
2410
2427
2428
2429
2430
2434
2435
2436
2437
2438
2439
2443
2444
2445
2446
2449
2450
2451
2452
2453
2454
2455
2456
2457
2458
2469
2471
2487
2488
2489
2490
2491
2492
2493
2494
2503
2504
2505
2506
2507
2508
2509
2510
2523
2524
2527
2528
2529
2530
2539
2540
2541
2542
2551
2568
2596
2597
2598
2599
2600
2614
2615
2616
2617
2618
2619
2620
2621
2625
2626
2627
2628
2629
2630
2631
2632
2633
2634
2635
2636
2637
2638
2647
2655
2699
2702
2703
2704
2705
2706
2708
2709
2710
2711
2712
2713
2714
2715
2716
2717
2718
2719
2720
2721
2722
2723
2745
2774
2775
2776
2777
2794
2795
2796
2797
2798
2836
2837
2887
3005
3017
3018
3019
3037
3038
3039
3040
3041
3042
3043
3044
3045
3046
3047
3048
3049
3050
3051
3052
3053
3054
3055
3056
3057
3058
3059
3060
3061
3062
3063
3064
3065
3066
3067
3068
3069
3070
3071
3072
3073
3074
3075
3076
3077
3078
3079
3080
3081
3082
3083
3084
3085
3086
3087
3088
3089
3090
3091
3092
3093
3094
3095
3096
3097
3098
3099
3100
3101
3102
3103
3104
3105
3106
3107
3108
3109
3110
3111
3112
3113
3114
3115
3116
3117
3118
3119
3120
3121
3122
3123
3124
3125
3126
3127
3128
3129
3130
3131
3132
3133
3134
3135
3136
3137
3138
3139
3140
3141
3142
3143
3144
3145
3146
3147
3148
3149
3150
3151
3152
3153
3154
3155
3156
3157
3158
3159
3160
3161
3162
3163
3164
3165
3166
3167
3168
3176
3177
3178
3179
3180
3181
3182
3183
3184
3185
3186
3187
3188
3189
3190
3191
3192
3193
3194
3195
3196
3197
3198
3199
3200
3201
3202
3203
3204
3205
3206
3207
3208
3209
3210
3211
3212
3213
3221
3230
3231
3232
3233
3234
3235
3236
3237
3238
3239
3240
3241
3242
3249
3250
3251
3252
3253
3254
3255
3256
3257
3258
3259
3260
3261
3262
3263
3264
3265
3266
3267
3268
3326
3327
3328
3336
3337
3348
3349
3350
3351
3352
3353
3354
3376
3378
3379
3380
3381
3382
3383
3384
3385
3386
3387
3388
3389
3390
3391
3392
3393
3394
3395
3396
3397
3398
3399
3400
3401
3402
3403
3404
3405
3406
3407
3408
3409
3410
3411
3412
3413
3414
3415
3416
3417
3418
3419
3420
3421
3422
3423
3424
3425
3426
3427
3428
3429
3430
3431
3432
3433
3434
3435
3436
3437
3438
3439
3440
3441
3442
3443
3444
3445
3446
3447
3448
3449
3450
3451
3452
3453
3454
3455
3456
3457
3458
3459
3460
3461
3462
3463
3464
3465
3466
3467
3468
3469
3470
3471
3472
3473
3474
3475
3476
3477
3478
3479
3480
3481
3482
3483
3484
3485
3486
3487
3488
3489
3490
3491
3492
3493
3494
3495
3496
3497
3498
3499
3500
3501
3534
3535
3536
3537
3538
3541
3542
3543
3544
3545
3594
3595
3608
3609
3610
3611
3612
3632
3633
3634
3635
3636
3637
3638
3639
3640
3641
3642
3643
3650
3651
3652
3653
3654
3655
3656
3657
3658
3659
3660
3661
3662
3663
3664
3665
3666
3667
3668
3669
3670
3671
3672
3673
3674
3675
3676
3677
3678
3679
3680
3681
3682
3683
3684
3685
3686
3687
3688
3689
3690
3691
3692
3693
3694
3695
3696
3697
3698
3699
3700
3701
3702
3707
3708
3709
3710
3711
3712
3713
3714
3715
3716
3717
3718
3719
3720
3721
3722
3723
3724
3725
3726
3727
3728
3729
3730
3731
3732
3746
3747
3748
3756
3757
3766
3768
3769
3771
3790
3792
3793
3794
3795
3799
3800
3801
3802
3803
3804
3830
3831
3832
3833
3834
3835
3836
3837
3838
3839
3840
3841
3842
3843
3844
3845
3846
3847
3862
3870
3871
3872
3898
3903
3905
3940
3941
3942
3949
3950
3951
3952
3953
3954
3955
3957
3958
3959
3960
3961
3962
3963
3964
3965
3966
3967
3968
3969
3970
3971
3978
3979
3982
4030
4031
4034
4035
4036
4037
4038
4039
4040
4041
4042
4043
4044
4045
4046
4047
4063
4087
4088
4089
4090
4091
4092
4093
4094
4109
4110
4111
4112
4113
4114
4115
4116
4118
4129
4131
4264
4276
4277
4278
4279
4280
4302
4303
4304
4305
4306
4307
4308
4309
4310
4311
4312
4313
4314
4315
4316
4317
4318
4319
4320
4321
4322
4323
4324
4325
4326
4327
4328
4329
4330
4331
4332
4333
4334
4335
4336
4337
4338
4339
4340
4341
4342
4343
4344
4345
4346
4347
4348
4349
4350
4351
4352
4353
4354
4355
4356
4357
4358
4359
4360
4361
4362
4363
4364
4365
4366
4367
4368
4369
4370
4371
4372
4373
4374
4375
4376
4377
4378
4379
4380
4382
4383
4384
4385
4386
4387
4388
4389
4390
4391
4392
4393
4394
4395
4396
4397
4398
4399
4400
4401
4402
4403
4404
4405
4406
4407
4408
4409
4410
4411
4412
4413
4414
4415
4416
4417
4418
4419
4420
4421
4422
4423
4424
4425
4426
4427
4428
4429
4430
4431
4432
4433
4434
4435
4436
4437
4438
4439
4440
4441
4442
4443
4444
4445
4446
4447
4448
4449
4450
4451
4452
4453
4454
4455
4456
4457
4458
4459
4460
4461
4462
4463
4464
4465
4466
4478
4479
4480
4481
4482
4483
4484
4485
4486
4487
4488
4489
4490
4491
4492
4493
4494
4495
4496
4497
4498
4499
4500
4501
4502
4503
4504
4505
4533
4534
4535
4536
4543
4544
4550
4551
4552
4553
4554
4555
4556
4557
4558
4594
4595
4597
4598
4599
4600
4601
4602
4603
4604
4605
4606
4607
4608
4609
4610
4611
4612
4613
4614
4615
4616
4617
4618
4619
4654
4659
4660
4661
4662
4663
4664
4695
4696
4697
4698
4713
4732
4733
4734
4735
4748
4749
4750
4751
4752
4753
4754
4755
4756
4757
4758
4759
4760
4761
4762
4763
4764
4765
4766
4767
4768
4769
4770
4771
4772
4773
4774
4775
4776
4777
4778
4779
4780
4781
4782
4783
4784
4785
4786
4787
4788
4789
4790
4791
4792
4793
4794
4795
4796
4797
4798
4799
4800
4801
4802
4803
4804
4805
4806
4807
4808
4809
4810
4811
4812
4813
4814
4815
4816
4817
4818
4819
4820
4821
4835
4836
4837
4838
4845
4846
4861
4862
4863
4864
4865
4866
4885
4886
4887
4888
4889
4890
4892
4897
4898
5004
5005
5006
5007
5008
5009
5010
5011
5012
5013
5014
5015
5016
5017
5018
5019
5020
5021
5022
5023
5024
5025
5026
5027
5042
5043
5044
5045
5051
5052
5053
5054
5073
5090
5091
5092
5094
5095
5096
5097
5098
5099
5100
5101
5102
5103
5104
5105
5112
5113
5133
5134
5135
5139
5141
5142
5143
5144
5145
5146
5147
5148
5149
5150
5151
5152
5153
5175
5176
5177
5178
5240
5241
5242
5243
5244
5245
5246
5247
5261
5262
5263
5264
5270
5271
5272
5273
5274
5275
5276
5277
5278
5313
5332
5344
5345
5356
5357
5359
5360
5361
5362
5363
5366
5368
5369
5371
5372
5373
5374
5375
5378
5379
5383
5384
5385
5386
5387
5388
5389
5403
5404
5405
5406
5413
5414
5415
5416
5417
5423
5424
5425
5426
5428
5430
5431
5432
5448
5449
5450
5451
5452
5453
5454
5455
5458
5486
5487
5488
5489
5494
5495
5496
5497
5502
5503
5504
5505
5510
5511
5512
5513
5518
5519
5520
5521
5522
5531
5532
5533
5534
5535
5536
5537
5591
5592
5593
5594
5595
5596
5597
5598
5599
5600
5601
5602
5603
5604
5605
5607
5608
5616
5617
5627
5628
5629
5630
5637
5638
5648
5650
5652
5662
5664
5667
5668
5669
5676
5678
5680
5681
5682
5683
5684
5685
5686
5687
5688
5689
5690
5693
5694
5695
5696
5697
5698
5705
