0
1
2
3
4
5
6
7
8
9
10
11
12
13
14
15
16
17
18
19
20
21
35
44
45
46
47
48
49
51
52
53
54
55
56
57
58
59
60
61
62
63
64
65
66
67
68
72
73
74
90
110
111
112
113
114
115
126
127
128
129
133
134
135
136
137
138
139
140
141
142
143
144
145
146
147
148
149
150
151
152
153
155
156
157
158
159
160
161
162
163
164
165
166
167
168
169
170
171
172
173
174
175
176
177
178
179
180
181
182
183
184
185
186
187
188
189
190
191
192
193
194
195
196
197
198
199
200
201
202
203
204
205
206
207
208
209
210
211
212
213
214
215
216
217
218
219
220
221
222
223
224
225
226
227
228
229
230
231
232
233
234
235
236
237
238
239
240
241
242
243
244
248
249
250
251
252
253
255
256
257
258
259
260
274
275
276
277
278
279
281
282
283
284
287
288
289
290
291
292
293
294
295
296
297
298
299
300
301
302
303
306
307
308
309
310
311
312
313
314
315
316
317
318
319
320
321
322
323
324
325
326
327
328
329
330
331
332
333
334
335
336
337
338
339
340
341
342
343
344
345
346
347
348
349
350
351
352
353
354
355
356
359
360
361
362
365
366
367
368
369
370
371
372
373
374
375
376
377
378
379
380
381
382
383
384
385
386
387
410
411
412
413
414
415
416
417
418
419
420
421
422
423
424
425
426
427
428
429
430
431
441
448
449
450
451
466
498
499
500
501
502
503
504
505
506
507
508
509
510
511
512
513
514
515
516
517
518
519
529
530
531
536
537
542
543
544
545
583
584
585
586
587
588
589
590
591
592
593
594
595
596
597
598
599
600
601
602
603
604
627
628
629
639
640
649
650
651
652
653
654
655
656
657
658
659
660
665
666
667
668
671
672
673
674
675
676
685
686
715
716
717
718
719
720
721
722
723
724
725
726
727
728
729
730
732
733
734
735
736
737
738
739
740
741
742
743
744
745
746
747
748
749
750
751
752
753
754
755
756
757
758
759
760
761
762
763
764
765
766
767
768
769
770
771
772
773
774
775
776
777
778
779
780
781
782
783
784
785
786
787
788
789
790
857
858
859
860
861
862
863
864
865
866
867
868
869
870
871
872
873
874
875
876
877
878
879
880
881
894
945
946
947
948
949
950
951
952
953
954
955
956
957
958
959
960
961
962
963
964
965
966
973
974
975
976
977
978
979
980
981
982
983
984
985
1002
1003
1004
1005
1006
1007
1008
1009
1010
1011
1012
1013
1014
1015
1016
1017
1018
1019
1020
1021
1022
1023
1024
1031
1033
1036
1037
1040
1041
1062
1084
1085
1086
1096
1112
1115
1116
1117
1119
1120
1125
1126
1127
1128
1129
1130
1131
1133
1134
1135
1136
1137
1138
1139
1140
1141
1142
1143
1144
1145
1146
1147
1148
1150
1165
1166
1167
1168
1213
1214
1215
1216
1217
1218
1219
1220
1221
1222
1223
1224
1225
1226
1227
1228
1229
1230
1231
1232
1233
1234
1257
1258
1259
1260
1261
1262
1263
1264
1272
1277
1278
1279
1281
1282
1284
1285
1286
1287
1381
1382
1389
1390
1391
1392
1393
1394
1395
1396
1397
1398
1399
1400
1401
1402
1403
1404
1405
1406
1407
1408
1409
1410
1411
1412
1413
1414
1418
1419
1420
1421
1422
1423
1424
1425
1426
1427
1428
1429
1430
1431
1432
1433
1434
1435
1436
1437
1438
1439
1440
1441
1442
1443
1444
1445
1446
1447
1448
1449
1450
1451
1452
1453
1454
1455
1456
1457
1458
1459
1460
1461
1462
1463
1464
1465
1512
1514
1515
1517
1519
1520
1521
1522
1523
1524
1525
1526
1527
1528
1529
1530
1531
1554
1555
1556
1557
1558
1559
1560
1561
1562
1563
1572
1573
1574
1575
1582
1583
1584
1642
1643
1644
1652
1654
1659
1660
1661
1662
1663
1664
1665
1666
1667
1668
1669
1670
1671
1672
1673
1674
1675
1676
1677
1678
1679
1680
1681
1682
1683
1684
1685
1686
1687
1688
1689
1690
1691
1692
1693
1694
1695
1696
1697
1698
1699
1722
1723
1724
1728
1729
1730
1731
1732
1733
1743
1744
1745
1746
1747
1748
1749
1750
1751
1752
1753
1754
1755
1756
1757
1758
1759
1760
1761
1762
1763
1764
1765
1775
1776
1777
1778
1779
1780
1781
1782
1783
1784
1785
1786
1787
1789
1790
1797
1798
1799
1803
1804
1808
1809
1810
1811
1812
1820
1825
1826
1827
1828
1829
1830
1832
1833
1834
1835
1836
1837
1838
1839
1840
1841
1842
1843
1844
1845
1846
1847
1848
1849
1852
1853
1854
1855
1856
1857
1858
1859
1860
1861
1862
1863
1864
1865
1866
1867
1868
1870
1871
1872
1873
1874
1875
1877
1878
1879
1880
1881
1882
1883
1884
1885
1886
1887
1888
1889
1896
1901
1902
1903
1904
1905
1906
1907
1908
1909
1910
1911
1912
1913
1914
1915
1916
1917
1918
1919
1920
1921
1922
1923
1927
1928
1931
1932
1933
1934
1935
1936
1959
1960
1961
1962
1963
1964
1965
1966
1967
1968
1969
1970
1975
1976
1977
1978
1979
1980
1981
1982
1983
1984
1985
1986
1987
1988
1989
1990
1991
1992
1997
1998
1999
2000
2003
2004
2005
2022
2023
2024
2025
2026
2027
2028
2029
2030
2031
2051
2052
2053
2136
2137
2138
2145
2146
2147
2152
2158
2159
2160
2161
2162
2163
2164
2165
2166
2167
2168
2169
2170
2171
2172
2173
2174
2175
2176
2177
2178
2179
2180
2181
2184
2187
2188
2189
2190
2191
2192
2193
2194
2195
2196
2197
2198
2199
2200
2201
2202
2203
2204
2205
2206
2207
2208
2209
2210
2211
2212
2213
2214
2215
2216
2217
2218
2219
2220
2221
2224
2225
2226
2227
2228
2229
2230
2231
2232
2233
2234
2235
2236
2237
2238
2239
2240
2241
2242
2243
2245
2246
2247
2248
2249
2250
2251
2252
2253
2254
2255
2256
2257
2258
2259
2260
2261
2262
2263
2264
2265
2266
2267
2268
2269
2270
2271
2272
2273
2274
2275
2276
2277
2278
2279
2280
2281
2282
2283
2284
2285
2286
2287
2288
2289
2290
2291
2292
2293
2294
2295
2296
2297
2301
2302
2303
2308
2309
2310
2311
2312
2313
2314
2315
2316
2317
2318
2319
2320
2321
2322
2323
2324
2325
2326
2327
2328
2329
2330
2331
2332
2333
2334
2335
2367
2368
2369
2370
2371
2372
2373
2378
2379
2380
2389
2390
2391
2393
2394
2397
2399
2400
2401
2402
2403
2404
2405
2406
2407
2408
2409
2410
2411
2412
2413
2414
2415
2416
2417
2418
2419
2420
2421
2422
2423
2430
2431
2432
2433
2434
2435
2436
2437
2438
2439
2441
2442
2443
2444
2445
2450
2451
2456
2457
2458
2459
2528
2529
2530
2531
2532
2533
2534
2535
2536
2537
2538
2539
2540
2545
2546
2547
2548
2549
2550
2551
2552
2556
2557
2558
2559
2560
2561
2562
2563
2569
2570
2571
2572
2573
2574
2581
2582
2583
2584
2591
2592
2593
2594
2595
2596
2597
2598
2599
2600
2601
2602
2603
2604
2605
2606
2607
2608
2609
2610
2613
2614
2615
2616
2617
2618
2619
2620
2621
2623
2624
2626
2632
2633
2634
2635
2636
2637
2638
2639
2640
2641
2642
2645
2646
2647
2648
2649
2650
2651
2652
2653
2654
2655
2658
2659
2660
2661
2662
2663
2702
2703
2704
2705
2706
2707
2708
2709
2710
2711
2712
2713
2714
2715
2716
2717
2718
2719
2720
2721
2722
2723
2724
2725
2726
2727
2728
2729
2730
2731
2732
2733
2734
2735
2736
2737
2738
2739
2740
2741
2742
2743
2744
2745
2746
2747
2748
2749
2750
2751
2752
2753
2754
2755
2756
2757
2758
2759
2760
2761
2762
2764
2767
2768
2769
2770
2771
2772
2773
2774
2775
2776
2777
2785
2786
2787
2788
2789
2790
2793
2800
2803
2804
2807
2808
2811
2812
2835
2836
2837
2838
2839
2840
2842
2843
2844
2845
2846
2851
2852
2853
2854
2855
2856
2857
2858
2859
2860
2863
2864
2865
2866
2867
2868
2869
2870
2871
2872
2873
2874
2875
2876
2877
2879
2880
2881
2882
2883
2884
2885
2886
2887
2890
2891
2892
2893
2894
2895
2896
2897
2898
2899
2900
2901
2902
2903
2904
2905
2906
2911
2912
2913
2914
2915
2916
2918
2920
2922
2923
2924
2925
2927
2928
2929
2940
2941
2942
2953
2954
2955
2956
2957
2958
2959
2964
2965
2966
2967
2968
2969
2970
2972
2979
2980
2981
2982
2983
2984
2985
2986
2987
2988
2989
2990
2991
2992
2993
2994
2995
2996
2997
2998
2999
3000
3001
3002
3003
3004
3005
3006
3007
3012
3013
3015
3016
3017
3018
3019
3020
3021
3022
3023
3024
3025
3026
3027
3028
3029
3030
3031
3032
3033
3034
3035
3036
3037
3038
3039
3040
3041
3042
3043
3044
3045
3046
3047
3048
3049
3050
3051
3052
3053
3054
3055
3056
3057
3058
3059
3060
3061
3062
3082
3083
3084
3085
3086
3087
3088
3101
3102
3103
3104
3105
3106
3107
3108
3109
3110
3111
3112
3113
3114
3115
3116
3135
3136
3143
3144
3145
3146
3147
3148
3149
3150
3151
3152
3153
3154
3155
3156
3157
3158
3159
3160
3183
3184
3185
3186
3187
3188
3189
3190
3191
3192
3193
3194
3195
3200
3201
3202
3203
3204
3224
3225
3226
3240
3241
3242
3243
3250
3251
3252
3253
3254
3255
3256
3257
3258
3259
3260
3261
3262
3263
3264
3265
3266
3267
3268
3269
3270
3271
3272
3273
3274
3275
3276
3277
3278
3279
3280
3281
3282
3283
3284
3285
3286
3297
3298
3299
3300
3301
3302
3306
3313
3318
3319
3320
3321
3322
3323
3324
3325
3326
3327
3328
3329
3330
3331
3332
3333
3334
3335
3336
3337
3338
3339
3340
3341
3342
3343
3344
3349
3350
3351
3352
3371
3372
3373
3374
3375
3376
3377
3378
3381
3382
3383
3384
3385
3386
3387
3388
3389
3393
3394
3395
3396
3397
3398
3399
3412
3413
3414
3415
3438
3439
3440
3441
3442
3443
3451
3453
3454
3455
3458
3459
3460
3461
3462
3463
3464
3465
3466
3467
3468
3469
3470
3471
3472
3473
3474
3475
3476
3477
3478
3479
3480
3481
3482
3483
3484
3485
3487
3490
3491
3492
3493
3494
3495
3512
3513
3514
3515
3516
3517
3518
3519
3520
3527
3559
3560
3561
3563
3570
3571
3616
3617
3618
3638
3639
3640
3647
3648
3649
3650
3655
3656
3657
3658
3659
3713
3714
3717
3718
3719
3720
3722
3724
3725
3726
3727
3728
3729
3730
3731
3734
3735
3736
3737
3738
3739
3740
3741
3742
3743
3744
3745
3746
3751
3752
3753
3754
3755
3756
3757
3758
3759
3760
3761
3762
3763
3764
3767
3768
3769
3770
3771
3773
3776
3777
3778
3779
3780
3781
3782
3783
3784
3785
3786
3787
3788
3789
3790
3794
3795
3796
3797
3804
3805
3806
3823
3824
3825
3826
3827
3828
3834
3835
3836
3840
3845
3846
3847
3854
3858
3859
3862
3863
3886
3887
3888
3889
3890
3891
3892
3893
3894
3895
3896
3899
3901
3906
3907
3917
3918
3919
3920
3921
3922
3923
3924
3925
3926
3927
3950
3951
3952
3956
3957
3966
3967
3968
3972
3973
3974
3975
3976
3977
3978
3979
3980
3981
3982
3983
3984
3985
3986
3987
3988
3989
3990
3991
3992
3993
3994
3995
3996
3997
4004
4005
4006
4026
4027
4028
4029
4030
4031
4048
4049
4050
4051
4052
4053
4057
4058
4059
4060
4061
4062
4063
4064
4065
4066
4067
4068
4069
4070
4071
4072
4073
4074
4075
4076
4077
4078
4079
4080
4081
4082
4083
4084
4085
4086
4087
4088
4089
4090
4091
4092
4093
4094
4095
4096
4097
4098
4099
4100
4101
4102
4103
4104
4105
4106
4107
4108
4109
4112
4113
4114
4115
4116
4117
4118
4119
4120
4121
4122
4123
4124
4125
4130
4131
4132
4133
4134
4135
4136
4137
4138
4139
4140
4141
4142
4143
4144
4145
4146
4147
4148
4149
4150
4151
4152
4153
4154
4155
4156
4157
4159
4165
4166
4167
4168
4169
4170
4171
4172
4173
4174
4175
4176
4177
4178
4179
4180
4181
4182
4183
4184
4187
4188
4189
4190
4191
4192
4201
4203
4206
4207
4208
4209
4210
4211
4216
4217
4218
4219
4220
4221
4222
4223
4224
4225
4226
4227
4232
4233
4237
4238
4239
4240
4242
4243
4244
4245
4246
4247
4248
4249
4254
4255
4256
4257
4258
4259
4260
4261
4262
4263
4264
4265
4266
4267
4268
4269
4270
4271
4272
4273
4274
4275
4276
4277
4278
4279
4280
4281
4282
4283
4284
4286
4287
4294
4304
4305
4306
4307
4308
4309
4311
4312
4327
4328
4330
4331
4332
4334
4348
4349
4350
4351
4352
4353
4354
4355
4356
4357
4358
4359
4360
4361
4362
4363
4364
4365
4366
4367
4368
4369
4370
4371
4372
4373
4374
4375
4376
4377
4378
4379
4380
4381
4382
4383
4384
4385
4386
4387
4388
4390
4391
4392
4393
4394
4395
4396
4397
4398
4399
4400
4401
4402
4403
4404
4405
4406
4407
4413
4415
4416
4418
4419
4458
4459
4460
4461
4462
4463
4464
4465
4466
4467
4468
4469
4470
4471
4472
4473
4474
4475
4476
4477
4478
4479
4480
4481
4482
4483
4484
4485
4486
4487
4488
4489
4494
4495
4496
4497
4498
4518
4519
4520
4521
4522
4523
4524
4525
4526
4527
4528
4529
4532
4539
4540
4547
4548
4549
4552
4553
4554
4555
4556
4557
4558
4560
4561
4563
4564
4565
4566
4567
4568
4569
4570
4571
4572
4573
4574
4575
4576
4577
4578
4579
4580
4581
4582
4583
4584
4585
4586
4625
4626
4627
4628
4629
4630
4631
4632
4633
4635
4636
4659
4660
4661
4662
4663
4664
4665
4666
4667
4668
4669
4670
4671
4672
4674
4675
4676
4677
4678
4679
4680
4681
4682
4683
4684
4685
4686
4687
4688
4689
4690
4695
4696
4697
4698
4699
4700
4701
4702
4703
4704
4705
4706
4708
4713
4714
4715
4716
4717
4718
4719
4720
4721
4722
4723
4724
4725
4726
4727
4728
4792
4794
4795
4796
4797
4798
4799
4800
4801
4802
4803
4804
4805
4806
4807
4808
4809
4810
4811
4812
4815
4816
4817
4818
4819
4820
4825
4826
4827
4841
4842
4843
4844
4845
4846
4847
4848
4849
4850
4859
4860
4861
4862
4863
4865
4866
4869
4870
4880
4881
4882
4883
4884
4885
4886
4887
4888
4889
4890
4891
4892
4893
4894
4895
4896
4897
4898
4899
4900
4901
4902
4903
4904
4905
4906
4907
4908
4909
4910
4911
4912
4913
4914
4915
4916
4917
4918
4919
4920
4921
4922
4923
4924
4925
4926
4927
4928
4929
4930
4931
4932
4933
4934
4935
4936
4937
4938
4939
4940
4941
4942
4943
4944
4945
4946
4947
4948
4949
4950
4951
4952
4953
4954
4955
4956
4957
4958
4959
4960
4961
4962
4963
4964
4965
4972
4973
4974
4978
4979
4980
4981
4982
4985
4986
4987
5002
5007
5008
5009
5010
5011
5012
5016
5017
5018
5025
5026
5030
5031
5044
5045
5046
5047
5048
5056
5067
5068
5069
5070
5071
5072
5073
5081
5082
5085
5086
5087
5088
5089
5090
5092
5093
5094
5095
5096
5097
5098
5099
5100
5102
5103
5104
5105
5106
5107
5108
5109
5110
5111
5112
5113
5114
5115
5116
5117
5118
5119
5120
5121
5122
5123
5124
5125
5133
5134
5135
5136
5137
5138
5155
5159
5161
5162
5164
5165
5167
5168
5169
5170
5171
5172
5173
5174
5175
5176
5177
5178
5179
5180
5181
5182
5183
5184
5185
5186
5187
5188
5189
5190
5191
5192
5193
5194
5195
5196
5197
5198
5199
5200
5201
5202
5203
5205
5230
5231
5232
5233
5246
5247
5248
5249
5250
5251
5252
5253
5254
5255
5256
5257
5258
5259
5260
5261
5262
5263
5270
5271
5272
5273
5274
5275
5276
5277
5278
5279
5280
5281
5282
5283
5284
5285
5286
5287
5288
5289
5290
5291
5292
5293
5297
5298
5299
5300
5301
5302
5303
5304
5305
5312
5313
5314
5317
5321
5322
5323
5324
5325
5326
5328
5329
5333
5334
5335
5336
5337
5338
5348
5349
5350
5351
5352
5353
5354
5355
5356
5359
5362
5363
5365
5367
5368
5369
5370
5371
5372
5373
5374
5375
5376
5377
5378
5379
5380
5381
5382
5383
5384
5385
5386
5387
5388
5389
5390
5391
5392
5393
5394
5395
5396
5397
5398
5399
5400
5401
5408
5414
5415
5416
5417
5418
5419
5420
5421
5422
5423
5424
5425
5428
5434
5435
5436
5437
5438
5439
5440
5441
5442
5443
5444
5445
5446
5447
5448
5449
5450
5451
5452
5453
5454
5455
5459
5460
5461
5462
5466
5467
5468
5469
5470
5471
5472
5473
5474
5475
5476
5488
5489
5490
5491
5492
5493
5504
5505
5506
5507
5508
5509
5510
5511
5512
5513
5514
5515
5516
5517
5518
5520
5522
5524
5527
5528
5532
5533
5534
5545
5546
5547
5564
5565
5566
5567
5568
5569
5580
5581
5582
5583
5584
5586
5587
5588
5590
5591
5594
5595
5596
5597
5598
5599
5600
5601
5602
5603
5604
5605
5606
5607
5695
5696
5739
5740
5741
5742
5743
5744
5745
5746
5749
5750
5751
5752
5753
5754
5755
5756
5757
5758
5759
5760
5761
5762
5763
5764
5765
5766
5767
5768
5769
5770
5771
5772
5773
5774
5775
5776
5777
5778
5779
5780
5783
5784
5785
5786
5787
5788
5789
5790
5791
5792
5793
5794
5795
5796
5797
5798
5799
5800
5801
5802
5803
5804
5805
5806
5807
5808
5809
5810
5811
5812
5813
5814
5815
5816
5817
5818
5819
5820
5821
5822
5823
5824
5825
5826
5827
5828
5829
5830
5831
5832
5833
5834
5835
5836
5837
5838
5839
5840
5841
5842
5843
5844
5845
5846
5847
5848
5849
5850
5851
5852
5853
5854
5855
5857
5859
5860
5861
5888
5894
5897
5898
5899
5900
5901
5902
5903
5904
5905
5906
5907
5908
5909
5910
5911
5912
5913
5914
5921
5922
5923
5924
5925
5926
5930
5931
5935
5940
5941
5942
5943
5944
5945
5946
5949
5950
5951
5952
5953
5954
5955
5956
5957
5958
5959
5960
5961
5962
5963
5964
5968
5972
5973
5974
5976
5977
5978
5979
5980
5981
5982
5983
6006
6007
6008
6009
6010
6011
6012
6013
6014
6015
6016
6017
6018
6019
6020
6021
6023
6050
6051
6140
6141
6142
6143
6144
6145
6146
6147
6148
6149
6150
6151
6152
6153
6154
6155
6166
6167
6168
6177
6265
6266
6267
6268
6269
6270
6271
6272
6273
6274
6275
6276
6277
6278
6279
6280
6281
6282
6283
6328
6329
6330
6331
6332
6333
6334
6337
6338
6339
6340
6341
6342
6343
6344
6345
6346
6414
6415
6457
6458
6460
6461
6462
6463
6464
6465
6466
6467
6468
6469
6470
6471
6472
6473
6474
6475
6476
6477
6478
6479
6480
6481
6482
6483
6484
6485
6489
6490
6491
6492
6493
6494
6495
6496
6499
6500
6501
6502
6503
6504
6506
6518
6519
6520
6521
6522
6523
6524
6525
6526
6527
6528
6529
6530
6531
6532
6533
6534
6535
6536
6543
6544
6547
6548
6549
6550
6551
6552
6553
6554
6555
6556
6557
6558
6559
6560
6561
6563
6564
6565
6566
6567
6568
6569
6570
6571
6572
6573
6574
6575
6576
6577
6578
6598
6599
6600
6611
6622
6623
6624
6625
6628
6629
6630
6631
6632
6633
6634
6635
6636
6637
6682
6683
6684
6685
6686
6687
6690
6691
6692
6693
6694
6695
6696
6697
6698
6699
6700
6701
6702
6703
6704
6705
6706
6707
6708
6709
6710
6711
6712
6713
6714
6715
6716
6717
6718
6719
6720
6721
6722
6723
6724
6725
6748
6749
6750
6751
6752
6753
6757
6758
6759
6760
6761
6762
6763
6765
6814
6815
6816
6817
6818
6819
6820
6821
6822
6823
6824
6825
6826
6827
6828
6829
6830
6831
6832
6833
6834
6835
6836
6837
6838
6839
6840
6841
6842
6843
6850
6851
6852
6853
6926
6934
6935
6936
6970
6971
6972
6973
6974
6975
6976
6977
6978
6979
6980
6981
6982
6983
6984
6985
6986
6987
6988
7077
7078
7079
7083
7084
7085
7096
7097
7098
7099
7100
7101
7102
7103
7104
7105
7106
7107
7108
7109
7110
7111
7112
7113
7114
7117
7126
7127
7128
7129
7132
7133
7134
7135
7136
7137
7200
7201
7202
7203
7256
7257
7258
7259
7260
7261
7262
7263
7264
7382
7383
7394
7395
7396
7415
7416
7417
7418
7419
7420
7425
7426
7431
7432
7433
7434
7435
7436
7437
7438
7439
7440
7441
7442
7443
7444
7445
7446
7447
7448
7449
7453
7469
7482
7483
7484
7485
7486
7487
7488
7489
7490
7491
7492
7493
7494
7504
7505
7506
7507
7508
7509
7510
7511
7512
7513
7537
7538
7539
7540
7541
7543
7564
7565
7566
7580
7581
7582
7587
7591
7593
7644
7645
7665
7666
7667
7668
7669
7670
7741
7742
7743
7748
7749
7753
7754
7755
7756
7757
7760
7761
7894
7895
7896
7899
7900
7901
7902
7903
7904
7905
7906
7907
7908
7909
7910
7911
7912
7913
7914
7915
7960
7961
7962
7963
7964
7965
7966
7967
7968
7972
7974
7975
7979
7980
7981
8004
8005
8006
8007
8008
8009
8010
8016
8017
8022
8023
8024
8025
8026
8027
8028
8040
8045
8046
8047
8048
8049
8050
8051
8052
8053
8054
8055
8056
8057
8060
8061
8062
8063
8064
8065
8066
8070
8073
8074
8083
8084
8085
8086
8087
8089
8092
8096
8098
8099
8103
8104
