42
43
46
47
49
50
51
64
65
66
67
68
69
70
71
72
73
74
75
76
77
78
79
80
81
82
83
108
109
110
111
112
113
114
115
116
117
118
119
120
121
122
123
124
125
126
127
128
129
130
131
132
133
134
135
136
137
138
139
140
141
142
143
144
145
146
147
148
149
150
151
152
153
154
155
156
157
158
159
160
161
162
163
164
165
166
167
168
169
170
171
172
173
174
175
176
177
178
179
180
181
182
183
184
185
186
187
188
189
190
191
192
193
194
195
196
197
198
199
200
201
202
203
204
205
206
207
208
209
210
211
212
213
214
215
216
217
218
219
220
221
222
223
224
225
226
227
228
229
230
231
232
233
234
235
236
237
238
239
240
241
242
243
244
245
246
247
248
249
250
251
252
253
254
255
256
257
258
259
260
261
262
263
264
265
266
267
268
269
270
271
272
273
274
275
276
277
278
279
280
281
282
283
284
285
286
287
288
289
290
291
292
293
294
295
296
297
298
299
300
301
302
303
304
305
306
307
314
315
316
317
318
319
320
321
322
323
324
325
326
327
328
329
330
331
332
333
379
381
382
383
384
385
386
387
388
390
391
392
393
394
395
403
407
408
413
414
415
416
417
418
420
421
422
423
424
425
426
429
431
433
437
438
439
441
445
446
447
448
449
453
454
455
456
457
458
459
460
463
464
483
501
532
536
537
540
541
542
543
544
545
548
549
552
556
596
597
598
599
603
604
607
608
609
634
635
637
639
643
644
648
651
652
653
655
656
657
659
660
665
668
670
688
691
692
693
694
695
696
697
698
699
701
702
703
704
705
706
707
709
710
712
713
714
717
719
720
721
722
723
724
725
726
727
728
729
730
731
732
733
734
735
736
737
738
739
740
741
742
743
744
745
746
792
831
832
834
835
836
837
838
840
842
843
844
845
846
850
854
855
856
857
858
859
861
862
865
871
872
873
874
875
876
877
878
880
881
882
883
884
886
887
889
890
