1
3
8
14
15
20
21
26
27
42
54
63
87
91
93
97
98
99
110
111
138
141
154
155
158
161
185
190
196
197
202
203
227
232
233
238
239
244
245
269
275
280
281
287
296
303
309
323
352
359
371
387
435
445
472
484
485
491
513
533
539
548
555
565
569
571
573
589
596
603
606
609
636
639
653
659
665
706
717
723
743
748
749
791
798
803
818
819
841
845
847
848
853
854
855
859
861
865
866
889
890
893
896
897
903
909
927
942
952
953
954
959
969
973
974
979
987
993
1014
1021
1026
1027
1028
1033
1034
1040
1094
1105
1106
1107
1125
1135
1137
1140
1142
1147
1148
1154
1155
1160
1167
1178
1191
1218
1219
1220
1226
1227
1232
1233
1235
1238
1239
1261
1262
1263
1267
1269
1273
1281
1331
1336
1337
